<?xml version="1.0" encoding="UTF-8"?>
<testsuite name="FindMedianSortedArraysSolutionTest" tests="1" skipped="0" failures="0" errors="0" timestamp="2022-12-02T06:55:17" hostname="Russs-MacBook-Pro.local" time="0.015">
  <properties/>
  <testcase name="testCaseMedianNegative()" classname="FindMedianSortedArraysSolutionTest" time="0.015"/>
  <system-out><![CDATA[]]></system-out>
  <system-err><![CDATA[]]></system-err>
</testsuite>
