<?xml version="1.0" encoding="UTF-8"?>
<testsuite name="LongestPalindromeSolutionTest" tests="1" skipped="0" failures="0" errors="0" timestamp="2022-12-02T17:54:00" hostname="Russs-MacBook-Pro.local" time="256.833">
  <properties/>
  <testcase name="longestPalindromeTest1()" classname="LongestPalindromeSolutionTest" time="256.833"/>
  <system-out><![CDATA[]]></system-out>
  <system-err><![CDATA[]]></system-err>
</testsuite>
